
> netdis@1.0.0 start
> node --experimental-strip-types ./

(node:45344) ExperimentalWarning: Type Stripping is an experimental feature and might change at any time
(Use `node --trace-warnings ...` to show where the warning was created)
node:internal/modules/cjs/loader:1925
  return process.dlopen(module, path.toNamespacedPath(filename));
                 ^

Error: The module '\\?\D:\nd_copy\netdis_main\node_modules\better-sqlite3\build\Release\better_sqlite3.node'
was compiled against a different Node.js version using
NODE_MODULE_VERSION 127. This version of Node.js requires
NODE_MODULE_VERSION 131. Please try re-compiling or re-installing
the module (for instance, using `npm rebuild` or `npm install`).
    at Object..node (node:internal/modules/cjs/loader:1925:18)
    at Module.load (node:internal/modules/cjs/loader:1469:32)
    at Function._load (node:internal/modules/cjs/loader:1286:12)
    at TracingChannel.traceSync (node:diagnostics_channel:322:14)
    at wrapModuleLoad (node:internal/modules/cjs/loader:235:24)
    at Module.require (node:internal/modules/cjs/loader:1491:12)
    at require (node:internal/modules/helpers:135:16)
    at bindings (D:\nd_copy\netdis_main\node_modules\bindings\bindings.js:112:48)
    at new Database (D:\nd_copy\netdis_main\node_modules\better-sqlite3\lib\database.js:48:64)
    at new Db (file:///D:/nd_copy/netdis_main/src/db.ts:5:17) {
  code: 'ERR_DLOPEN_FAILED'
}

Node.js v23.8.0
